生成启动时间为 2024/1/3/周三 16:45:37。
     1>项目“C:\Users\Administrator\Desktop\SR\fiveGo\fiveGo\fiveGo.vcxproj”在节点 2 上(Build 个目标)。
     1>ClCompile:
         C:\Program Files (x86)\Microsoft Visual Studio 14.0\VC\bin\x86_amd64\CL.exe /c /I.\GeneratedFiles /I. /IC:\Qt\Qt5.9.4\5.9.4\msvc2015_64\include /I.\GeneratedFiles\Debug /IC:\Qt\Qt5.9.4\5.9.4\msvc2015_64\include\QtCore /IC:\Qt\Qt5.9.4\5.9.4\msvc2015_64\include\QtGui /IC:\Qt\Qt5.9.4\5.9.4\msvc2015_64\include\QtANGLE /IC:\Qt\Qt5.9.4\5.9.4\msvc2015_64\include\QtWidgets /IC:\Qt\Qt5.9.4\5.9.4\msvc2015_64\include\QtNetwork /Zi /nologo /W1 /WX- /MP /Od /D UNICODE /D _UNICODE /D WIN32 /D WIN64 /D QT_DLL /D QT_CORE_LIB /D QT_GUI_LIB /D QT_WIDGETS_LIB /D QT_NETWORK_LIB /Gm- /EHsc /MDd /GS /fp:precise /Zc:wchar_t /Zc:forScope /Zc:inline /Fo"x64\Debug\\" /Fd"x64\Debug\vc140.pdb" /Gd /TP /errorReport:prompt fiveGo.cpp
         fiveGo.cpp
     1>c:\users\administrator\desktop\sr\fivego\fivego\HttpEngine.h : warning C4819: 该文件包含不能在当前代码页(936)中表示的字符。请将该文件保存为 Unicode 格式以防止数据丢失
       Link:
         C:\Program Files (x86)\Microsoft Visual Studio 14.0\VC\bin\x86_amd64\link.exe /ERRORREPORT:PROMPT /OUT:"C:\Users\Administrator\Desktop\SR\fiveGo\x64\Debug\\fiveGo.exe" /NOLOGO /LIBPATH:C:\Qt\Qt5.9.4\5.9.4\msvc2015_64\lib qtmaind.lib Qt5Cored.lib Qt5Guid.lib Qt5Widgetsd.lib Qt5Networkd.lib Qt5Cored.lib halconcpp.lib hdevenginecpp.lib kernel32.lib user32.lib gdi32.lib winspool.lib comdlg32.lib advapi32.lib shell32.lib ole32.lib oleaut32.lib uuid.lib odbc32.lib odbccp32.lib /MANIFEST /MANIFESTUAC:"level='asInvoker' uiAccess='false'" /manifest:embed /Debug /PDB:"C:\Users\Administrator\Desktop\SR\fiveGo\x64\Debug\fiveGo.pdb" /SUBSYSTEM:WINDOWS /TLBID:1 /DYNAMICBASE /NXCOMPAT /IMPLIB:"C:\Users\Administrator\Desktop\SR\fiveGo\x64\Debug\fiveGo.lib" /MACHINE:X64 x64\Debug\BackgroundItem.obj
         x64\Debug\fiveGo.obj
         x64\Debug\HttpEngine.obj
         x64\Debug\main.obj
         x64\Debug\httpconnectionhandler.obj
         x64\Debug\httpconnectionhandlerpool.obj
         x64\Debug\httpcookie.obj
         x64\Debug\httpglobal.obj
         x64\Debug\httplistener.obj
         x64\Debug\httprequest.obj
         x64\Debug\httprequesthandler.obj
         x64\Debug\httpresponse.obj
         x64\Debug\httpsession.obj
         x64\Debug\httpsessionstore.obj
         x64\Debug\staticfilecontroller.obj
         x64\Debug\dualfilelogger.obj
         x64\Debug\filelogger.obj
         x64\Debug\logger.obj
         x64\Debug\logmessage.obj
         x64\Debug\requesthandler.obj
         x64\Debug\template.obj
         x64\Debug\templatecache.obj
         x64\Debug\templateloader.obj
         x64\Debug\moc_fiveGo.obj
         x64\Debug\moc_BackgroundItem.obj
         x64\Debug\moc_httpconnectionhandler.obj
         x64\Debug\moc_httpconnectionhandlerpool.obj
         x64\Debug\moc_HttpEngine.obj
         x64\Debug\moc_requesthandler.obj
         x64\Debug\moc_templateloader.obj
         x64\Debug\moc_templatecache.obj
         x64\Debug\moc_logger.obj
         x64\Debug\moc_filelogger.obj
         x64\Debug\moc_dualfilelogger.obj
         x64\Debug\moc_staticfilecontroller.obj
         x64\Debug\moc_httpsessionstore.obj
         x64\Debug\moc_httprequesthandler.obj
         x64\Debug\moc_httplistener.obj
         x64\Debug\qrc_fiveGo.obj
         fiveGo.vcxproj -> C:\Users\Administrator\Desktop\SR\fiveGo\x64\Debug\fiveGo.exe
     1>已完成生成项目“C:\Users\Administrator\Desktop\SR\fiveGo\fiveGo\fiveGo.vcxproj”(Build 个目标)的操作。

已成功生成。

已用时间 00:00:01.34
