c:\users\administrator\desktop\sr\fivego\fivego\x64\debug\checkboard.obj
c:\users\administrator\desktop\sr\fivego\fivego\x64\debug\qrc_fivego.obj
c:\users\administrator\desktop\sr\fivego\fivego\x64\debug\fivego.obj
c:\users\administrator\desktop\sr\fivego\fivego\x64\debug\moc_fivego.obj
c:\users\administrator\desktop\sr\fivego\fivego\x64\debug\main.obj
c:\users\administrator\desktop\sr\fivego\fivego\x64\debug\vc140.pdb
c:\users\administrator\desktop\sr\fivego\fivego\x64\debug\backgrounditem.obj
c:\users\administrator\desktop\sr\fivego\fivego\generatedfiles\ui_fivego.h
c:\users\administrator\desktop\sr\fivego\fivego\generatedfiles\debug\moc_fivego.cpp
c:\users\administrator\desktop\sr\fivego\fivego\generatedfiles\qrc_fivego.cpp
c:\users\administrator\desktop\sr\fivego\fivego\generatedfiles\debug\moc_backgrounditem.cpp
c:\users\administrator\desktop\sr\fivego\x64\debug\fivego.ilk
c:\users\administrator\desktop\sr\fivego\x64\debug\fivego.exe
c:\users\administrator\desktop\sr\fivego\x64\debug\fivego.pdb
c:\users\administrator\desktop\sr\fivego\fivego\x64\debug\fivego.tlog\cl.command.1.tlog
c:\users\administrator\desktop\sr\fivego\fivego\x64\debug\fivego.tlog\cl.read.1.tlog
c:\users\administrator\desktop\sr\fivego\fivego\x64\debug\fivego.tlog\cl.write.1.tlog
c:\users\administrator\desktop\sr\fivego\fivego\x64\debug\fivego.tlog\fivego.write.1u.tlog
c:\users\administrator\desktop\sr\fivego\fivego\x64\debug\fivego.tlog\link.command.1.tlog
c:\users\administrator\desktop\sr\fivego\fivego\x64\debug\fivego.tlog\link.read.1.tlog
c:\users\administrator\desktop\sr\fivego\fivego\x64\debug\fivego.tlog\link.write.1.tlog
